<?xml version="1.0" encoding="UTF-8"?>
<testng-results ignored="0" total="1" passed="1" failed="0" skipped="0">
  <reporter-output>
  </reporter-output>
  <suite started-at="2022-08-13T11:21:28 IST" name="Default suite" finished-at="2022-08-13T11:21:43 IST" duration-ms="15622">
    <groups>
    </groups>
    <test started-at="2022-08-13T11:21:28 IST" name="Default test" finished-at="2022-08-13T11:21:43 IST" duration-ms="15622">
      <class name="scipts.Testcase1">
        <test-method is-config="true" signature="openAPP()[pri:0, instance:scipts.Testcase1@3059cbc]" started-at="2022-08-13T11:21:28 IST" name="openAPP" finished-at="2022-08-13T11:21:39 IST" duration-ms="10984" status="PASS">
          <reporter-output>
          </reporter-output>
        </test-method> <!-- openAPP -->
        <test-method signature="tc1()[pri:0, instance:scipts.Testcase1@3059cbc]" started-at="2022-08-13T11:21:39 IST" name="tc1" finished-at="2022-08-13T11:21:43 IST" duration-ms="4210" status="PASS">
          <reporter-output>
          </reporter-output>
        </test-method> <!-- tc1 -->
        <test-method is-config="true" signature="closeApp(org.testng.ITestResult)[pri:0, instance:scipts.Testcase1@3059cbc]" started-at="2022-08-13T11:21:43 IST" name="closeApp" finished-at="2022-08-13T11:21:43 IST" duration-ms="335" status="PASS">
          <params>
            <param index="0">
              <value>
                <![CDATA[[TestResult name=tc1 status=SUCCESS method=Testcase1.tc1()[pri:0, instance:scipts.Testcase1@3059cbc] output={null}]]]>
              </value>
            </param>
          </params>
          <reporter-output>
          </reporter-output>
        </test-method> <!-- closeApp -->
      </class> <!-- scipts.Testcase1 -->
    </test> <!-- Default test -->
  </suite> <!-- Default suite -->
</testng-results>
